<?xml version="1.0" encoding="UTF-8"?>
<!-- Generated by org.testng.reporters.JUnitXMLReporter -->
<testsuite hostname="Admins-MacBook-Pro.local" ignored="0" name="home page test" tests="4" failures="0" timestamp="2022-02-17T22:14:16 CST" time="10.017" errors="0">
  <testcase name="validatePageTitle" time="0.419" classname="com.nopcommerce.tests.HomePageTest"/>
  <testcase name="verifyLogoTest" time="0.041" classname="com.nopcommerce.tests.HomePageTest"/>
  <testcase name="verifyRegisterLinkTest" time="0.034" classname="com.nopcommerce.tests.HomePageTest"/>
  <testcase name="verifyLoginTest" time="0.035" classname="com.nopcommerce.tests.HomePageTest"/>
</testsuite> <!-- home page test -->
