<?xml version="1.0" encoding="UTF-8"?>
<!-- Generated by org.testng.reporters.JUnitXMLReporter -->
<testsuite hostname="Admins-MacBook-Pro.local" ignored="0" name="login page test" tests="3" failures="0" timestamp="2022-02-17T22:14:19 CST" time="13.462" errors="0">
  <testcase name="verifyLoginPageNameTest" time="0.571" classname="com.nopcommerce.tests.LoginPageTest"/>
  <testcase name="VerifyRegisterButtonStatusTest" time="0.052" classname="com.nopcommerce.tests.LoginPageTest"/>
  <testcase name="validateUserLoginTest" time="2.658" classname="com.nopcommerce.tests.LoginPageTest"/>
</testsuite> <!-- login page test -->
