<?xml version="1.0" encoding="UTF-8"?>
<!-- Generated by org.testng.reporters.JUnitXMLReporter -->
<testsuite hostname="Admins-MacBook-Pro.local" ignored="0" name="search page test" tests="3" failures="0" timestamp="2022-02-17T22:14:17 CST" time="11.928" errors="0">
  <testcase name="verifySearchPageNameTest" time="0.525" classname="com.nopcommerce.tests.SearchPageTest"/>
  <testcase name="verifyManufactureDropdownListTest" time="0.185" classname="com.nopcommerce.tests.SearchPageTest"/>
  <testcase name="validateCategoryListTest" time="0.113" classname="com.nopcommerce.tests.SearchPageTest"/>
</testsuite> <!-- search page test -->
