<?xml version="1.0" encoding="UTF-8"?>
<testsuite xmlns:xsi="http://www.w3.org/2001/XMLSchema-instance" xsi:noNamespaceSchemaLocation="https://maven.apache.org/surefire/maven-surefire-plugin/xsd/surefire-test-report.xsd" name="TestSuite" time="18.791" tests="11" errors="0" skipped="0" failures="0">
  <properties>
[...]
</properties>
  <testcase name="validatePageTitle" classname="com.nopcommerce.tests.HomePageTest" time="0.636"/>
  <testcase name="verifyLogoTest" classname="com.nopcommerce.tests.HomePageTest" time="0.045"/>
  <testcase name="verifyRegisterLinkTest" classname="com.nopcommerce.tests.HomePageTest" time="0.036"/>
  <testcase name="verifyLoginTest" classname="com.nopcommerce.tests.HomePageTest" time="0.035"/>
  <testcase name="verifySearchPageNameTest" classname="com.nopcommerce.tests.SearchPageTest" time="0.53"/>
  <testcase name="verifyLoginPageNameTest" classname="com.nopcommerce.tests.LoginPageTest" time="0.531"/>
  <testcase name="VerifyRegisterButtonStatusTest" classname="com.nopcommerce.tests.LoginPageTest" time="0.056"/>
  <testcase name="verifyManufactureDropdownListTest" classname="com.nopcommerce.tests.SearchPageTest" time="0.194"/>
  <testcase name="validateCategoryListTest" classname="com.nopcommerce.tests.SearchPageTest" time="0.115"/>
  <testcase name="validateUserLoginTest" classname="com.nopcommerce.tests.LoginPageTest" time="1.65"/>
  <testcase name="registerNewUser" classname="com.nopcommerce.tests.RegisterPageTest" time="5.402"/>
</testsuite>